<?xml version="1.0" encoding="UTF-8"?>
<testsuite name="com.novelfactory.config.ApplicationConfigContractTest" tests="2" skipped="0" failures="0" errors="0" timestamp="2026-05-05T03:43:10.596Z" hostname="LAPTOP-MUCR3O1G" time="0.01">
  <properties/>
  <testcase name="dockerfile_existsAndExposesServicePort()" classname="com.novelfactory.config.ApplicationConfigContractTest" time="0.004"/>
  <testcase name="applicationYaml_containsDatasourceAndActuatorConfiguration()" classname="com.novelfactory.config.ApplicationConfigContractTest" time="0.004"/>
  <system-out><![CDATA[]]></system-out>
  <system-err><![CDATA[]]></system-err>
</testsuite>
