<?xml version="1.0" encoding="UTF-8"?>
<testsuite name="com.novelfactory.pipeline.controller.PipelineTaskControllerWebTest" tests="4" skipped="0" failures="0" errors="0" timestamp="2026-05-05T03:43:11.215Z" hostname="LAPTOP-MUCR3O1G" time="2.358">
  <properties/>
  <testcase name="createPipelineTask_returnsTaskPayload()" classname="com.novelfactory.pipeline.controller.PipelineTaskControllerWebTest" time="0.097"/>
  <testcase name="createPipelineTask_whenCreateFails_returnsPipelineTaskCreateFailed()" classname="com.novelfactory.pipeline.controller.PipelineTaskControllerWebTest" time="0.014"/>
  <testcase name="createPipelineTask_whenMissingBookId_returnsValidationError()" classname="com.novelfactory.pipeline.controller.PipelineTaskControllerWebTest" time="0.008"/>
  <testcase name="getPipelineTask_whenMissing_returnsTaskNotFound()" classname="com.novelfactory.pipeline.controller.PipelineTaskControllerWebTest" time="0.007"/>
  <system-out><![CDATA[2026-05-05T11:43:11.250+08:00  INFO 13514 --- [novel-factory] [    Test worker] t.c.s.AnnotationConfigContextLoaderUtils : Could not detect default configuration classes for test class [com.novelfactory.pipeline.controller.PipelineTaskControllerWebTest]: PipelineTaskControllerWebTest does not declare any static, non-private, non-final, nested classes annotated with @Configuration.
2026-05-05T11:43:11.594+08:00  INFO 13514 --- [novel-factory] [    Test worker] .b.t.c.SpringBootTestContextBootstrapper : Found @SpringBootConfiguration com.novelfactory.NovelFactoryApplication for test class com.novelfactory.pipeline.controller.PipelineTaskControllerWebTest

  .   ____          _            __ _ _
 /\\ / ___'_ __ _ _(_)_ __  __ _ \ \ \ \
( ( )\___ | '_ | '_| | '_ \/ _` | \ \ \ \
 \\/  ___)| |_)| | | | | || (_| |  ) ) ) )
  '  |____| .__|_| |_|_| |_\__, | / / / /
 =========|_|==============|___/=/_/_/_/

 :: Spring Boot ::                (v3.3.2)

2026-05-05T11:43:11.841+08:00  INFO 13514 --- [novel-factory] [    Test worker] c.n.p.c.PipelineTaskControllerWebTest    : Starting PipelineTaskControllerWebTest using Java 21.0.3 with PID 13514 (started by wangding in /mnt/d/git/novelfactory)
2026-05-05T11:43:11.842+08:00  INFO 13514 --- [novel-factory] [    Test worker] c.n.p.c.PipelineTaskControllerWebTest    : No active profile set, falling back to 1 default profile: "default"
2026-05-05T11:43:13.431+08:00  INFO 13514 --- [novel-factory] [    Test worker] o.s.b.t.m.w.SpringBootMockServletContext : Initializing Spring TestDispatcherServlet ''
2026-05-05T11:43:13.431+08:00  INFO 13514 --- [novel-factory] [    Test worker] o.s.t.web.servlet.TestDispatcherServlet  : Initializing Servlet ''
2026-05-05T11:43:13.432+08:00  INFO 13514 --- [novel-factory] [    Test worker] o.s.t.web.servlet.TestDispatcherServlet  : Completed initialization in 1 ms
2026-05-05T11:43:13.441+08:00  INFO 13514 --- [novel-factory] [    Test worker] c.n.p.c.PipelineTaskControllerWebTest    : Started PipelineTaskControllerWebTest in 1.837 seconds (process running for 43.251)
]]></system-out>
  <system-err><![CDATA[]]></system-err>
</testsuite>
