<?xml version="1.0" encoding="UTF-8"?>
<testsuite name="com.novelfactory.book.controller.BookControllerWebTest" tests="4" skipped="0" failures="0" errors="0" timestamp="2026-05-05T03:43:00.802Z" hostname="LAPTOP-MUCR3O1G" time="7.075">
  <properties/>
  <testcase name="createBook_returnsCreatedBookPayload()" classname="com.novelfactory.book.controller.BookControllerWebTest" time="3.224"/>
  <testcase name="getBook_whenMissing_returnsBookNotFound()" classname="com.novelfactory.book.controller.BookControllerWebTest" time="0.075"/>
  <testcase name="listBooks_returnsSummaryList()" classname="com.novelfactory.book.controller.BookControllerWebTest" time="0.065"/>
  <testcase name="createBook_withMissingTitle_returnsValidationError()" classname="com.novelfactory.book.controller.BookControllerWebTest" time="0.223"/>
  <system-out><![CDATA[2026-05-05T11:43:00.834+08:00  INFO 13514 --- [novel-factory] [    Test worker] t.c.s.AnnotationConfigContextLoaderUtils : Could not detect default configuration classes for test class [com.novelfactory.book.controller.BookControllerWebTest]: BookControllerWebTest does not declare any static, non-private, non-final, nested classes annotated with @Configuration.
2026-05-05T11:43:01.252+08:00  INFO 13514 --- [novel-factory] [    Test worker] .b.t.c.SpringBootTestContextBootstrapper : Found @SpringBootConfiguration com.novelfactory.NovelFactoryApplication for test class com.novelfactory.book.controller.BookControllerWebTest

  .   ____          _            __ _ _
 /\\ / ___'_ __ _ _(_)_ __  __ _ \ \ \ \
( ( )\___ | '_ | '_| | '_ \/ _` | \ \ \ \
 \\/  ___)| |_)| | | | | || (_| |  ) ) ) )
  '  |____| .__|_| |_|_| |_\__, | / / / /
 =========|_|==============|___/=/_/_/_/

 :: Spring Boot ::                (v3.3.2)

2026-05-05T11:43:01.477+08:00  INFO 13514 --- [novel-factory] [    Test worker] c.n.b.controller.BookControllerWebTest   : Starting BookControllerWebTest using Java 21.0.3 with PID 13514 (started by wangding in /mnt/d/git/novelfactory)
2026-05-05T11:43:01.478+08:00  INFO 13514 --- [novel-factory] [    Test worker] c.n.b.controller.BookControllerWebTest   : No active profile set, falling back to 1 default profile: "default"
2026-05-05T11:43:04.235+08:00  INFO 13514 --- [novel-factory] [    Test worker] o.s.b.t.m.w.SpringBootMockServletContext : Initializing Spring TestDispatcherServlet ''
2026-05-05T11:43:04.236+08:00  INFO 13514 --- [novel-factory] [    Test worker] o.s.t.web.servlet.TestDispatcherServlet  : Initializing Servlet ''
2026-05-05T11:43:04.241+08:00  INFO 13514 --- [novel-factory] [    Test worker] o.s.t.web.servlet.TestDispatcherServlet  : Completed initialization in 1 ms
2026-05-05T11:43:04.267+08:00  INFO 13514 --- [novel-factory] [    Test worker] c.n.b.controller.BookControllerWebTest   : Started BookControllerWebTest in 3.0 seconds (process running for 34.077)
]]></system-out>
  <system-err><![CDATA[]]></system-err>
</testsuite>
